{"logLevel":"debug","message":"multithreading is set to false"}
{"logLevel":"debug","message":"Using reflection to scan dependencies for gauge implementations..."}
{"logLevel":"debug","message":"gauge-java took 1255milliseconds to load and scan. This should be less than 'runner_connection_timeout' config value."}
{"logLevel":"debug","message":"run 'gauge config runner_connection_timeout' and verify that it is < 1255"}
{"logLevel":"debug","message":"starting gRPC server..."}
{"logLevel":"debug","message":"started gRPC server on port 53797"}
{"logLevel":"info","message":"Listening on port:53797"}
{"logLevel":"debug","message":"Scanning packages for steps"}
{"logLevel":"debug","message":"Comparing 'com.ozdilek.odev.android.pages.ProductDetail.scrollDown' and 'com.ozdilek.odev.android.pages.ProductDetail.scrollDown'"}
{"logLevel":"debug","message":"Found Sayfayı Aşağı Kaydırıyoruz in current project scope."}
{"logLevel":"debug","message":"Comparing 'com.ozdilek.odev.android.pages.LoginPage.writeLoginBoxes' and 'com.ozdilek.odev.android.pages.LoginPage.writeLoginBoxes'"}
{"logLevel":"debug","message":"Found Login Olduk in current project scope."}
{"logLevel":"debug","message":"Comparing 'com.ozdilek.odev.android.pages.ProductDetail.findAllProducts' and 'com.ozdilek.odev.android.pages.ProductDetail.findAllProducts'"}
{"logLevel":"debug","message":"Found {} Rastgele Ürün Seçtiriyoruz in current project scope."}
{"logLevel":"debug","message":"Comparing 'com.ozdilek.odev.android.pages.ProductDetail.addFav' and 'com.ozdilek.odev.android.pages.ProductDetail.addFav'"}
{"logLevel":"debug","message":"Found Favorilere Ekliyoruz in current project scope."}
{"logLevel":"debug","message":"Comparing 'com.ozdilek.odev.android.pages.LoginPage.backToPage' and 'com.ozdilek.odev.android.pages.LoginPage.backToPage'"}
{"logLevel":"debug","message":"Found Önceki Sayfaya Gidiyoruz in current project scope."}
{"logLevel":"debug","message":"Comparing 'com.ozdilek.odev.android.pages.Category.openCategoryPage' and 'com.ozdilek.odev.android.pages.Category.openCategoryPage'"}
{"logLevel":"debug","message":"Found Kategoriler Bloğunu Açıyoruz in current project scope."}
{"logLevel":"debug","message":"Comparing 'com.ozdilek.odev.android.pages.LoginPage.checkLoginPage' and 'com.ozdilek.odev.android.pages.LoginPage.checkLoginPage'"}
{"logLevel":"debug","message":"Found Login Olma Kontrolü Yapıyoruz in current project scope."}
{"logLevel":"debug","message":"Comparing 'com.ozdilek.odev.android.pages.ProductDetail.checkProductDetail' and 'com.ozdilek.odev.android.pages.ProductDetail.checkProductDetail'"}
{"logLevel":"debug","message":"Found Ürün Detaylarını Kontrol Ettiriyoruz in current project scope."}
{"logLevel":"debug","message":"Comparing 'com.ozdilek.odev.android.pages.Category.clickPantolon' and 'com.ozdilek.odev.android.pages.Category.clickPantolon'"}
{"logLevel":"debug","message":"Found Kadının Altında Pantolon Kategorisini Seçiyoruz in current project scope."}
{"logLevel":"debug","message":"Comparing 'com.ozdilek.odev.android.pages.FirstPage.clickStartShopping' and 'com.ozdilek.odev.android.pages.FirstPage.clickStartShopping'"}
{"logLevel":"debug","message":"Found Alışverişe Başla Butonuna Bastık in current project scope."}
{"logLevel":"debug","message":"Comparing 'com.ozdilek.odev.android.pages.FirstPage.checkMainPageText' and 'com.ozdilek.odev.android.pages.FirstPage.checkMainPageText'"}
{"logLevel":"debug","message":"Found Alışveriş Sayfasının Açıldığına Bakıyoruz in current project scope."}
{"logLevel":"debug","message":"Comparing 'com.ozdilek.odev.android.pages.Category.checkCategoryPage' and 'com.ozdilek.odev.android.pages.Category.checkCategoryPage'"}
{"logLevel":"debug","message":"Found Kategoriler Bloğunun Açıldığını Kontrol Ediyoruz in current project scope."}
{"logLevel":"debug","message":"Comparing 'com.ozdilek.odev.android.pages.ProductDetail.secondScrollDown' and 'com.ozdilek.odev.android.pages.ProductDetail.secondScrollDown'"}
{"logLevel":"debug","message":"Found Sayfayı İkinci Kez Kaydırıyoruz in current project scope."}
{"logLevel":"debug","message":"Comparing 'com.ozdilek.odev.android.pages.ProductDetail.addToBasket' and 'com.ozdilek.odev.android.pages.ProductDetail.addToBasket'"}
{"logLevel":"debug","message":"Found Sepete Ekliyoruz in current project scope."}
{"logLevel":"debug","message":"Comparing 'com.ozdilek.odev.android.pages.FirstPage.checkOpen' and 'com.ozdilek.odev.android.pages.FirstPage.checkOpen'"}
{"logLevel":"debug","message":"Found Uygulamayı Ayağa Kaldırdık in current project scope."}
{"logLevel":"debug","message":"Comparing 'com.ozdilek.odev.android.pages.ProductDetail.clickElementByxpath' and 'com.ozdilek.odev.android.pages.ProductDetail.clickElementByxpath'"}
{"logLevel":"debug","message":"Found {} Beden Seçimi Yaptırıyoruz in current project scope."}
{"logLevel":"debug","message":"Comparing 'com.ozdilek.odev.android.pages.Category.clickKadin' and 'com.ozdilek.odev.android.pages.Category.clickKadin'"}
{"logLevel":"debug","message":"Found Kategorilerden Kadını Seçiyoruz in current project scope."}
{"logLevel":"debug","message":"Scanning packages for hooks"}
{"logLevel":"debug","message":"Scanned steps (using static parsing + reflections): "}
{"logLevel":"debug","message":"\tSayfayı İkinci Kez Kaydırıyoruz : public void secondScrollDown()"}
{"logLevel":"debug","message":"\tKategorilerden Kadını Seçiyoruz : public void clickKadin() throws InterruptedException"}
{"logLevel":"debug","message":"\tAlışverişe Başla Butonuna Bastık : public void clickStartShopping() throws InterruptedException"}
{"logLevel":"debug","message":"\tÜrün Detaylarını Kontrol Ettiriyoruz : public void checkProductDetail() throws InterruptedException"}
{"logLevel":"debug","message":"\tKategoriler Bloğunu Açıyoruz : public void openCategoryPage() throws InterruptedException"}
{"logLevel":"debug","message":"\tLogin Olma Kontrolü Yapıyoruz : public void checkLoginPage() throws InterruptedException"}
{"logLevel":"debug","message":"\t{} Beden Seçimi Yaptırıyoruz : public void clickElementByxpath(String Key)"}
{"logLevel":"debug","message":"\tSepete Ekliyoruz : public void addToBasket() throws InterruptedException"}
{"logLevel":"debug","message":"\tUygulamayı Ayağa Kaldırdık : public void checkOpen() throws InterruptedException"}
{"logLevel":"debug","message":"\tSayfayı Aşağı Kaydırıyoruz : public void scrollDown() throws InterruptedException"}
{"logLevel":"debug","message":"\tKadının Altında Pantolon Kategorisini Seçiyoruz : public void clickPantolon() throws InterruptedException"}
{"logLevel":"debug","message":"\tLogin Olduk : public void writeLoginBoxes()"}
{"logLevel":"debug","message":"\t{} Rastgele Ürün Seçtiriyoruz : public void findAllProducts(String Key)"}
{"logLevel":"debug","message":"\tKategoriler Bloğunun Açıldığını Kontrol Ediyoruz : public void checkCategoryPage() throws InterruptedException"}
{"logLevel":"debug","message":"\tAlışveriş Sayfasının Açıldığına Bakıyoruz : public void checkMainPageText() throws InterruptedException"}
{"logLevel":"debug","message":"\tÖnceki Sayfaya Gidiyoruz : public void backToPage()"}
{"logLevel":"debug","message":"\tFavorilere Ekliyoruz : public void addFav() throws InterruptedException"}
Şub 02, 2022 6:54:12 ÖS io.appium.java_client.remote.AppiumCommandExecutor$1 lambda$0
INFO: Detected dialect: W3C
{"logLevel":"debug","message":"Executing 'Uygulamayı Ayağa Kaldırdık' using 'class com.ozdilek.odev.android.pages.FirstPage.checkOpen"}
{"logLevel":"debug","message":"Executing 'Alışverişe Başla Butonuna Bastık' using 'class com.ozdilek.odev.android.pages.FirstPage.clickStartShopping"}
{"logLevel":"debug","message":"Executing 'Alışveriş Sayfasının Açıldığına Bakıyoruz' using 'class com.ozdilek.odev.android.pages.FirstPage.checkMainPageText"}
{"logLevel":"debug","message":"Executing 'Kategoriler Bloğunu Açıyoruz' using 'class com.ozdilek.odev.android.pages.Category.openCategoryPage"}
{"logLevel":"debug","message":"Executing 'Kategoriler Bloğunun Açıldığını Kontrol Ediyoruz' using 'class com.ozdilek.odev.android.pages.Category.checkCategoryPage"}
{"logLevel":"debug","message":"Executing 'Kategorilerden Kadını Seçiyoruz' using 'class com.ozdilek.odev.android.pages.Category.clickKadin"}
{"logLevel":"debug","message":"Executing 'Kadının Altında Pantolon Kategorisini Seçiyoruz' using 'class com.ozdilek.odev.android.pages.Category.clickPantolon"}
{"logLevel":"debug","message":"Executing 'Sayfayı Aşağı Kaydırıyoruz' using 'class com.ozdilek.odev.android.pages.ProductDetail.scrollDown"}
{"logLevel":"debug","message":"Executing 'Sayfayı İkinci Kez Kaydırıyoruz' using 'class com.ozdilek.odev.android.pages.ProductDetail.secondScrollDown"}
{"logLevel":"debug","message":"Executing '{} Rastgele Ürün Seçtiriyoruz' using 'class com.ozdilek.odev.android.pages.ProductDetail.findAllProducts"}
{"logLevel":"debug","message":"Executing 'Ürün Detaylarını Kontrol Ettiriyoruz' using 'class com.ozdilek.odev.android.pages.ProductDetail.checkProductDetail"}
{"logLevel":"debug","message":"Executing 'Favorilere Ekliyoruz' using 'class com.ozdilek.odev.android.pages.ProductDetail.addFav"}
{"logLevel":"debug","message":"Executing 'Login Olma Kontrolü Yapıyoruz' using 'class com.ozdilek.odev.android.pages.LoginPage.checkLoginPage"}
{"logLevel":"debug","message":"Executing 'Login Olduk' using 'class com.ozdilek.odev.android.pages.LoginPage.writeLoginBoxes"}
{"logLevel":"debug","message":"Executing 'Önceki Sayfaya Gidiyoruz' using 'class com.ozdilek.odev.android.pages.LoginPage.backToPage"}
{"logLevel":"debug","message":"Executing '{} Rastgele Ürün Seçtiriyoruz' using 'class com.ozdilek.odev.android.pages.ProductDetail.findAllProducts"}
{"logLevel":"debug","message":"Killing Java runner..."}
{"logLevel":"debug","message":"Stopping execution pool..."}
{"logLevel":"debug","message":"Shutting down grpc server..."}
{"logLevel":"debug","message":"Runner killed gracefully."}
